## 2025-10-29T193930Z — sqlmap -u "http://10.10.10.5/page.php?id=1" --batch --level=1 --risk=1 --forms --crawl=1 --dbs --answers="quit=Y" 
$ sqlmap -u "http://10.10.10.5/page.php?id=1" --batch --level=1 --risk=1 --forms --crawl=1 --dbs --answers="quit=Y" 
        ___
       __H__
 ___ ___[,]_____ ___ ___  {1.9.4#stable}
|_ -| . [']     | .'| . |
|___|_  ["]_|_|_|__,|  _|
      |_|V...       |_|   https://sqlmap.org

[!] legal disclaimer: Usage of sqlmap for attacking targets without prior mutual consent is illegal. It is the end user's responsibility to obey all applicable local, state and federal laws. Developers assume no liability and are not responsible for any misuse or damage caused by this program

[*] starting @ 15:39:31 /2025-10-29/

do you want to check for the existence of site's sitemap(.xml) [y/N] N
[15:39:31] [INFO] starting crawler for target URL 'http://10.10.10.5/page.php?id=1'
[15:39:31] [INFO] searching for links with depth 1
[15:40:02] [CRITICAL] connection timed out to the target URL. sqlmap is going to retry the request(s)
[15:40:02] [WARNING] if the problem persists please check that the provided target URL is reachable. In case that it is, you can try to rerun with switch '--random-agent' and/or proxy switches ('--proxy', '--proxy-file'...)
do you want to normalize crawling results [Y/n] Y
do you want to store crawling results to a temporary file for eventual further processing with other tools [y/N] N
[1/1] URL:
GET http://10.10.10.5/page.php?id=1
do you want to test this URL? [Y/n/q]
> Y
[15:40:41] [INFO] testing URL 'http://10.10.10.5/page.php?id=1'
[15:40:41] [INFO] using '/home/kali/.local/share/sqlmap/output/results-10292025_0340pm.csv' as the CSV results file in multiple targets mode
[15:41:06] [WARNING] user aborted in multiple target mode
do you want to skip to the next target in list? [Y/n/q] Y
[15:41:06] [INFO] you can find results of scanning in multiple targets mode inside the CSV file '/home/kali/.local/share/sqlmap/output/results-10292025_0340pm.csv'
[15:41:06] [WARNING] your sqlmap version is outdated

[*] ending @ 15:41:06 /2025-10-29/

